<?xml version="1.0" encoding="utf-8"?><testsuites name="pytest tests"><testsuite name="pytest" errors="0" failures="0" skipped="0" tests="19" time="4.924" timestamp="2026-03-10T04:08:03.063031+00:00" hostname="agent-env-f98a5018-ceaa-4c95-9054-15c671a505e5"><testcase classname="backend.tests.test_admin_users_management.TestAdminAuth" name="test_admin_login_success" time="0.385" /><testcase classname="backend.tests.test_admin_users_management.TestAdminAuth" name="test_admin_login_invalid_credentials" time="0.100" /><testcase classname="backend.tests.test_admin_users_management.TestAdminUsersList" name="test_list_users_success" time="0.460" /><testcase classname="backend.tests.test_admin_users_management.TestAdminUsersList" name="test_list_users_with_pagination" time="0.116" /><testcase classname="backend.tests.test_admin_users_management.TestAdminUsersList" name="test_list_users_with_status_filter" time="0.124" /><testcase classname="backend.tests.test_admin_users_management.TestAdminUsersList" name="test_list_users_with_search" time="0.138" /><testcase classname="backend.tests.test_admin_users_management.TestAdminUsersList" name="test_list_users_unauthorized" time="0.111" /><testcase classname="backend.tests.test_admin_users_management.TestAdminUsersList" name="test_list_users_invalid_token" time="0.108" /><testcase classname="backend.tests.test_admin_users_management.TestAdminUserStats" name="test_get_stats_success" time="0.438" /><testcase classname="backend.tests.test_admin_users_management.TestAdminRevenueSummary" name="test_revenue_summary_default" time="0.448" /><testcase classname="backend.tests.test_admin_users_management.TestAdminRevenueSummary" name="test_revenue_summary_with_date_range" time="0.104" /><testcase classname="backend.tests.test_admin_users_management.TestAdminRevenueSummary" name="test_revenue_summary_last_3_months" time="0.107" /><testcase classname="backend.tests.test_admin_users_management.TestAdminMonthlyRevenue" name="test_monthly_revenue_default" time="0.435" /><testcase classname="backend.tests.test_admin_users_management.TestAdminMonthlyRevenue" name="test_monthly_revenue_custom_months" time="0.106" /><testcase classname="backend.tests.test_admin_users_management.TestAdminGrantAccess" name="test_grant_access_new_user" time="0.439" /><testcase classname="backend.tests.test_admin_users_management.TestAdminGrantAccess" name="test_grant_access_missing_email" time="0.105" /><testcase classname="backend.tests.test_admin_users_management.TestAdminExtendAccess" name="test_extend_access_existing_user" time="0.569" /><testcase classname="backend.tests.test_admin_users_management.TestAdminExtendAccess" name="test_extend_access_invalid_user" time="0.099" /><testcase classname="backend.tests.test_admin_users_management.TestAdminRevokeAccess" name="test_revoke_access_invalid_user" time="0.440" /></testsuite></testsuites>