<?xml version="1.0" encoding="utf-8"?><testsuites name="pytest tests"><testsuite name="pytest" errors="0" failures="0" skipped="0" tests="25" time="10.789" timestamp="2026-03-16T23:24:51.641083+00:00" hostname="agent-env-f98a5018-ceaa-4c95-9054-15c671a505e5"><testcase classname="tests.test_admin_universities.TestUniversityEndpoints" name="test_list_universities" time="0.237" /><testcase classname="tests.test_admin_universities.TestUniversityEndpoints" name="test_create_university_with_form_data" time="0.194" /><testcase classname="tests.test_admin_universities.TestUniversityEndpoints" name="test_get_university_with_courses" time="0.208" /><testcase classname="tests.test_admin_universities.TestUniversityEndpoints" name="test_update_university" time="0.062" /><testcase classname="tests.test_admin_universities.TestUniversityEndpoints" name="test_get_university_not_found" time="0.062" /><testcase classname="tests.test_admin_universities.TestCourseEndpoints" name="test_list_courses" time="0.059" /><testcase classname="tests.test_admin_universities.TestCourseEndpoints" name="test_create_course" time="0.057" /><testcase classname="tests.test_admin_universities.TestCourseEndpoints" name="test_get_course_details" time="0.122" /><testcase classname="tests.test_admin_universities.TestCourseEndpoints" name="test_update_course" time="0.058" /><testcase classname="tests.test_admin_universities.TestEvaluationEndpoints" name="test_list_evaluations" time="0.062" /><testcase classname="tests.test_admin_universities.TestEvaluationEndpoints" name="test_create_evaluation" time="0.076" /><testcase classname="tests.test_admin_universities.TestEvaluationEndpoints" name="test_update_evaluation" time="0.116" /><testcase classname="tests.test_admin_universities.TestQuestionEndpoints" name="test_list_questions" time="0.061" /><testcase classname="tests.test_admin_universities.TestQuestionEndpoints" name="test_create_manual_question" time="0.054" /><testcase classname="tests.test_admin_universities.TestQuestionEndpoints" name="test_update_question" time="0.122" /><testcase classname="tests.test_admin_universities.TestQuestionEndpoints" name="test_delete_question" time="0.202" /><testcase classname="tests.test_admin_universities.TestLogoUpload" name="test_upload_logo" time="0.173" /><testcase classname="tests.test_admin_universities.TestLogoUpload" name="test_get_logo" time="0.295" /><testcase classname="tests.test_admin_universities.TestAIGeneration" name="test_generate_questions_with_prompt" time="7.536" /><testcase classname="tests.test_admin_universities.TestStatsEndpoint" name="test_get_stats_summary" time="0.060" /><testcase classname="tests.test_admin_universities.TestDeleteOperations" name="test_delete_evaluation" time="0.121" /><testcase classname="tests.test_admin_universities.TestDeleteOperations" name="test_delete_course" time="0.128" /><testcase classname="tests.test_admin_universities.TestDeleteOperations" name="test_delete_university" time="0.278" /><testcase classname="tests.test_admin_universities.TestAuthentication" name="test_unauthorized_access" time="0.138" /><testcase classname="tests.test_admin_universities.TestAuthentication" name="test_invalid_token" time="0.207" /></testsuite></testsuites>