<?xml version="1.0" encoding="utf-8"?><testsuites name="pytest tests"><testsuite name="pytest" errors="0" failures="0" skipped="0" tests="11" time="1.496" timestamp="2026-03-10T02:46:15.091517+00:00" hostname="agent-env-f98a5018-ceaa-4c95-9054-15c671a505e5"><testcase classname="tests.test_admin_google_login.TestAdminGoogleLogin" name="test_google_login_rejects_empty_session_id" time="0.194" /><testcase classname="tests.test_admin_google_login.TestAdminGoogleLogin" name="test_google_login_rejects_invalid_session_id" time="0.227" /><testcase classname="tests.test_admin_google_login.TestAdminGoogleLogin" name="test_google_login_rejects_missing_session_id" time="0.151" /><testcase classname="tests.test_admin_google_login.TestAdminGoogleLogin" name="test_traditional_admin_login_works" time="0.339" /><testcase classname="tests.test_admin_google_login.TestAdminGoogleLogin" name="test_admin_verify_with_traditional_token" time="0.527" /><testcase classname="tests.test_admin_google_login.TestMigrationDataExport" name="test_courses_json_exists" time="0.003" /><testcase classname="tests.test_admin_google_login.TestMigrationDataExport" name="test_chapters_json_exists" time="0.000" /><testcase classname="tests.test_admin_google_login.TestMigrationDataExport" name="test_lessons_json_exists" time="0.000" /><testcase classname="tests.test_admin_google_login.TestMigrationDataExport" name="test_questions_json_exists" time="0.000" /><testcase classname="tests.test_admin_google_login.TestMigrationDataExport" name="test_formulas_json_exists" time="0.000" /><testcase classname="tests.test_admin_google_login.TestMigrationDataExport" name="test_export_summary_matches" time="0.000" /></testsuite></testsuites>