<?xml version="1.0" encoding="utf-8"?><testsuites name="pytest tests"><testsuite name="pytest" errors="0" failures="1" skipped="0" tests="18" time="7.765" timestamp="2026-03-10T00:03:57.427524+00:00" hostname="agent-env-f98a5018-ceaa-4c95-9054-15c671a505e5"><testcase classname="backend.tests.test_auth_system.TestEmailAuthentication" name="test_register_new_user" time="0.412" /><testcase classname="backend.tests.test_auth_system.TestEmailAuthentication" name="test_register_duplicate_email" time="0.495" /><testcase classname="backend.tests.test_auth_system.TestEmailAuthentication" name="test_login_with_valid_credentials" time="0.720" /><testcase classname="backend.tests.test_auth_system.TestEmailAuthentication" name="test_login_with_wrong_password" time="0.683" /><testcase classname="backend.tests.test_auth_system.TestEmailAuthentication" name="test_login_nonexistent_user" time="0.115" /><testcase classname="backend.tests.test_auth_system.TestSessionManagement" name="test_get_current_user_with_valid_token" time="0.456" /><testcase classname="backend.tests.test_auth_system.TestSessionManagement" name="test_get_current_user_without_token" time="0.165" /><testcase classname="backend.tests.test_auth_system.TestSessionManagement" name="test_get_current_user_with_invalid_token" time="0.118" /><testcase classname="backend.tests.test_auth_system.TestSessionManagement" name="test_logout" time="0.561" /><testcase classname="backend.tests.test_auth_system.TestAdminUserManagement" name="test_get_user_list" time="0.499" /><testcase classname="backend.tests.test_auth_system.TestAdminUserManagement" name="test_get_user_list_with_filter" time="0.510" /><testcase classname="backend.tests.test_auth_system.TestAdminUserManagement" name="test_get_user_list_with_search" time="0.491" /><testcase classname="backend.tests.test_auth_system.TestAdminUserManagement" name="test_get_user_stats" time="0.464" /><testcase classname="backend.tests.test_auth_system.TestAdminUserManagement" name="test_grant_access_new_user" time="0.456" /><testcase classname="backend.tests.test_auth_system.TestAdminUserManagement" name="test_grant_access_existing_user" time="0.842" /><testcase classname="backend.tests.test_auth_system.TestAdminUserManagement" name="test_admin_endpoints_without_auth" time="0.448"><failure message="assert (200 == 401 or 200 == 403)&#10; +  where 200 = &lt;Response [200]&gt;.status_code&#10; +  and   200 = &lt;Response [200]&gt;.status_code">backend/tests/test_auth_system.py:384: in test_admin_endpoints_without_auth
    assert response.status_code == 401 or response.status_code == 403
E   assert (200 == 401 or 200 == 403)
E    +  where 200 = &lt;Response [200]&gt;.status_code
E    +  and   200 = &lt;Response [200]&gt;.status_code</failure></testcase><testcase classname="backend.tests.test_auth_system.TestPaymentPlans" name="test_get_payment_plans" time="0.109" /><testcase classname="backend.tests.test_auth_system.TestProtectedStudentRoutes" name="test_protected_routes_without_auth" time="0.120" /></testsuite></testsuites>