<?xml version="1.0" encoding="utf-8"?><testsuites name="pytest tests"><testsuite name="pytest" errors="0" failures="0" skipped="0" tests="21" time="11.881" timestamp="2026-04-17T05:08:28.363973+00:00" hostname="agent-env-f98a5018-ceaa-4c95-9054-15c671a505e5"><testcase classname="backend.tests.test_course_restructure.TestLibraryUniversitiesPublic" name="test_get_active_library_universities" time="0.127" /><testcase classname="backend.tests.test_course_restructure.TestLibraryUniversitiesAdmin" name="test_admin_list_all_universities" time="0.465" /><testcase classname="backend.tests.test_course_restructure.TestLibraryUniversitiesAdmin" name="test_admin_create_university" time="0.570" /><testcase classname="backend.tests.test_course_restructure.TestLibraryUniversitiesAdmin" name="test_admin_create_duplicate_short_name_fails" time="0.762" /><testcase classname="backend.tests.test_course_restructure.TestLibraryUniversitiesAdmin" name="test_admin_update_university" time="0.655" /><testcase classname="backend.tests.test_course_restructure.TestLibraryUniversitiesAdmin" name="test_admin_delete_university_without_courses" time="0.559" /><testcase classname="backend.tests.test_course_restructure.TestEnrollments" name="test_get_enrollments_requires_auth" time="0.488" /><testcase classname="backend.tests.test_course_restructure.TestEnrollments" name="test_get_enrollments_with_auth" time="0.453" /><testcase classname="backend.tests.test_course_restructure.TestEnrollments" name="test_enrollment_stats" time="0.595" /><testcase classname="backend.tests.test_course_restructure.TestEnrollments" name="test_enroll_in_course" time="0.853" /><testcase classname="backend.tests.test_course_restructure.TestEnrollments" name="test_unenroll_from_course" time="0.802" /><testcase classname="backend.tests.test_course_restructure.TestSettings" name="test_get_public_settings" time="0.423" /><testcase classname="backend.tests.test_course_restructure.TestSettings" name="test_get_admin_settings" time="0.431" /><testcase classname="backend.tests.test_course_restructure.TestSettings" name="test_update_settings" time="0.623" /><testcase classname="backend.tests.test_course_restructure.TestCoursesWithFilters" name="test_get_courses_public" time="0.551" /><testcase classname="backend.tests.test_course_restructure.TestCoursesWithFilters" name="test_get_courses_with_search_filter" time="0.617" /><testcase classname="backend.tests.test_course_restructure.TestCoursesWithFilters" name="test_get_courses_with_university_filter" time="0.547" /><testcase classname="backend.tests.test_course_restructure.TestCoursesWithFilters" name="test_admin_get_courses_with_filters" time="0.639" /><testcase classname="backend.tests.test_course_restructure.TestImportChapters" name="test_import_chapters_requires_auth" time="0.465" /><testcase classname="backend.tests.test_course_restructure.TestImportChapters" name="test_import_chapters_invalid_course" time="0.434" /><testcase classname="backend.tests.test_course_restructure.TestImportChapters" name="test_import_chapters_structure" time="0.762" /></testsuite></testsuites>