<?xml version="1.0" encoding="utf-8"?><testsuites name="pytest tests"><testsuite name="pytest" errors="0" failures="0" skipped="0" tests="19" time="3.457" timestamp="2026-03-10T01:27:28.597005+00:00" hostname="agent-env-f98a5018-ceaa-4c95-9054-15c671a505e5"><testcase classname="backend.tests.test_final_payment_verification.TestProductionPaymentPlans" name="test_plans_endpoint_returns_200" time="0.221" /><testcase classname="backend.tests.test_final_payment_verification.TestProductionPaymentPlans" name="test_returns_production_public_key" time="0.134" /><testcase classname="backend.tests.test_final_payment_verification.TestProductionPaymentPlans" name="test_monthly_plan_9990_clp" time="0.121" /><testcase classname="backend.tests.test_final_payment_verification.TestProductionPaymentPlans" name="test_semestral_plan_29990_clp_50_discount" time="0.130" /><testcase classname="backend.tests.test_final_payment_verification.TestSubscriptionEndpointSecurity" name="test_subscribe_requires_auth" time="0.132" /><testcase classname="backend.tests.test_final_payment_verification.TestSubscriptionEndpointSecurity" name="test_subscription_status_requires_auth" time="0.136" /><testcase classname="backend.tests.test_final_payment_verification.TestSubscriptionEndpointSecurity" name="test_cancel_requires_auth" time="0.116" /><testcase classname="backend.tests.test_final_payment_verification.TestSubscriptionStatusEndpoint" name="test_returns_status_for_authenticated_user" time="0.122" /><testcase classname="backend.tests.test_final_payment_verification.TestSubscriptionStatusEndpoint" name="test_inactive_user_has_subscription_false" time="0.122" /><testcase classname="backend.tests.test_final_payment_verification.TestSubscribeEndpoint" name="test_requires_plan_id_and_card_token" time="0.128" /><testcase classname="backend.tests.test_final_payment_verification.TestSubscribeEndpoint" name="test_invalid_plan_returns_400" time="0.134" /><testcase classname="backend.tests.test_final_payment_verification.TestSubscribeEndpoint" name="test_invalid_card_token_returns_error" time="0.527" /><testcase classname="backend.tests.test_final_payment_verification.TestCancelEndpoint" name="test_cancel_without_subscription_fails" time="0.173" /><testcase classname="backend.tests.test_final_payment_verification.TestWebhookEndpoint" name="test_webhook_receives_and_acknowledges" time="0.132" /><testcase classname="backend.tests.test_final_payment_verification.TestWebhookEndpoint" name="test_webhook_handles_subscription_events" time="0.136" /><testcase classname="backend.tests.test_final_payment_verification.TestAdminGrantAccess" name="test_grant_access_requires_auth" time="0.124" /><testcase classname="backend.tests.test_final_payment_verification.TestAdminGrantAccess" name="test_grant_access_creates_user" time="0.533" /><testcase classname="backend.tests.test_final_payment_verification.TestAuthMeEndpoint" name="test_auth_me_without_token_fails" time="0.104" /><testcase classname="backend.tests.test_final_payment_verification.TestAuthMeEndpoint" name="test_auth_me_with_valid_token" time="0.134" /></testsuite></testsuites>