<?xml version="1.0" encoding="utf-8"?><testsuites name="pytest tests"><testsuite name="pytest" errors="0" failures="0" skipped="0" tests="19" time="4.938" timestamp="2026-03-17T00:59:29.988075+00:00" hostname="agent-env-f98a5018-ceaa-4c95-9054-15c671a505e5"><testcase classname="backend.tests.test_image_storage_analytics.TestAdminAuthentication" name="test_admin_login_success" time="0.480" /><testcase classname="backend.tests.test_image_storage_analytics.TestImageStorageGridFS" name="test_upload_image_success" time="0.529" /><testcase classname="backend.tests.test_image_storage_analytics.TestImageStorageGridFS" name="test_upload_via_admin_endpoint" time="0.144" /><testcase classname="backend.tests.test_image_storage_analytics.TestImageStorageGridFS" name="test_retrieve_image" time="0.305" /><testcase classname="backend.tests.test_image_storage_analytics.TestImageStorageGridFS" name="test_image_persistence_after_upload" time="0.607" /><testcase classname="backend.tests.test_image_storage_analytics.TestImageStorageGridFS" name="test_delete_image" time="0.486" /><testcase classname="backend.tests.test_image_storage_analytics.TestImageStorageGridFS" name="test_image_not_found" time="0.131" /><testcase classname="backend.tests.test_image_storage_analytics.TestImageStorageGridFS" name="test_upload_invalid_file_type" time="0.136" /><testcase classname="backend.tests.test_image_storage_analytics.TestImageStorageGridFS" name="test_upload_without_auth_fails" time="0.163" /><testcase classname="backend.tests.test_image_storage_analytics.TestAdminAnalyticsDashboard" name="test_dashboard_metrics" time="0.494" /><testcase classname="backend.tests.test_image_storage_analytics.TestAdminAnalyticsDashboard" name="test_revenue_chart_data" time="0.139" /><testcase classname="backend.tests.test_image_storage_analytics.TestAdminAnalyticsDashboard" name="test_users_chart_data" time="0.143" /><testcase classname="backend.tests.test_image_storage_analytics.TestAdminAnalyticsDashboard" name="test_simulations_chart_data" time="0.139" /><testcase classname="backend.tests.test_image_storage_analytics.TestAdminAnalyticsDashboard" name="test_subscriptions_chart_data" time="0.139" /><testcase classname="backend.tests.test_image_storage_analytics.TestAdminAnalyticsDashboard" name="test_recent_activity" time="0.142" /><testcase classname="backend.tests.test_image_storage_analytics.TestAdminAnalyticsDashboard" name="test_top_content" time="0.125" /><testcase classname="backend.tests.test_image_storage_analytics.TestAdminAnalyticsDashboard" name="test_chart_days_parameter" time="0.286" /><testcase classname="backend.tests.test_image_storage_analytics.TestAdminAnalyticsDashboard" name="test_analytics_without_auth_fails" time="0.128" /><testcase classname="backend.tests.test_image_storage_analytics.TestLegacyUploadsEndpoint" name="test_legacy_endpoint_nonexistent_file" time="0.134" /></testsuite></testsuites>