<?xml version="1.0" encoding="utf-8"?><testsuites name="pytest tests"><testsuite name="pytest" errors="0" failures="0" skipped="0" tests="17" time="2.569" timestamp="2026-03-10T00:23:24.524109+00:00" hostname="agent-env-f98a5018-ceaa-4c95-9054-15c671a505e5"><testcase classname="tests.test_payments_subscription.TestPaymentPlansAPI" name="test_get_plans_returns_success" time="0.230" /><testcase classname="tests.test_payments_subscription.TestPaymentPlansAPI" name="test_get_plans_returns_two_plans" time="0.118" /><testcase classname="tests.test_payments_subscription.TestPaymentPlansAPI" name="test_monthly_plan_correct_price" time="0.111" /><testcase classname="tests.test_payments_subscription.TestPaymentPlansAPI" name="test_semestral_plan_correct_price" time="0.166" /><testcase classname="tests.test_payments_subscription.TestPaymentPlansAPI" name="test_plans_include_mercadopago_public_key" time="0.118" /><testcase classname="tests.test_payments_subscription.TestPaymentPlansAPI" name="test_plans_have_features" time="0.143" /><testcase classname="tests.test_payments_subscription.TestSubscriptionEndpoints" name="test_subscribe_requires_authentication" time="0.123" /><testcase classname="tests.test_payments_subscription.TestSubscriptionEndpoints" name="test_subscription_status_requires_authentication" time="0.165" /><testcase classname="tests.test_payments_subscription.TestSubscriptionEndpoints" name="test_cancel_subscription_requires_authentication" time="0.140" /><testcase classname="tests.test_payments_subscription.TestAuthenticatedSubscription" name="test_get_subscription_status_with_auth" time="0.189" /><testcase classname="tests.test_payments_subscription.TestAuthenticatedSubscription" name="test_user_without_subscription_shows_inactive" time="0.119" /><testcase classname="tests.test_payments_subscription.TestAuthenticatedSubscription" name="test_subscribe_with_invalid_plan_fails" time="0.116" /><testcase classname="tests.test_payments_subscription.TestAuthenticatedSubscription" name="test_subscribe_missing_card_token_fails" time="0.123" /><testcase classname="tests.test_payments_subscription.TestAuthFlows" name="test_auth_me_without_token_fails" time="0.137" /><testcase classname="tests.test_payments_subscription.TestAuthFlows" name="test_auth_me_with_valid_token" time="0.118" /><testcase classname="tests.test_payments_subscription.TestCoursesAPI" name="test_courses_list_accessible" time="0.213" /><testcase classname="tests.test_payments_subscription.TestWebhook" name="test_webhook_accepts_post" time="0.163" /></testsuite></testsuites>