<?xml version="1.0" encoding="utf-8"?><testsuites name="pytest tests"><testsuite name="pytest" errors="0" failures="0" skipped="0" tests="19" time="3.937" timestamp="2026-03-08T05:55:41.225254+00:00" hostname="agent-env-f98a5018-ceaa-4c95-9054-15c671a505e5"><testcase classname="tests.test_remy_api.TestPublicEndpoints" name="test_root_endpoint" time="0.556" /><testcase classname="tests.test_remy_api.TestPublicEndpoints" name="test_get_courses" time="0.147" /><testcase classname="tests.test_remy_api.TestPublicEndpoints" name="test_get_specific_course" time="0.115" /><testcase classname="tests.test_remy_api.TestPublicEndpoints" name="test_get_nonexistent_course" time="0.125" /><testcase classname="tests.test_remy_api.TestPublicEndpoints" name="test_get_course_chapters" time="0.116" /><testcase classname="tests.test_remy_api.TestPublicEndpoints" name="test_get_chapter_lessons" time="0.116" /><testcase classname="tests.test_remy_api.TestPublicEndpoints" name="test_get_specific_lesson" time="0.225" /><testcase classname="tests.test_remy_api.TestFormulasEndpoints" name="test_search_formulas_empty_query" time="0.116" /><testcase classname="tests.test_remy_api.TestFormulasEndpoints" name="test_search_formulas_with_query" time="0.114" /><testcase classname="tests.test_remy_api.TestFormulasEndpoints" name="test_search_formulas_by_course" time="0.126" /><testcase classname="tests.test_remy_api.TestQuizEndpoints" name="test_quiz_history_empty" time="0.107" /><testcase classname="tests.test_remy_api.TestQuizEndpoints" name="test_quiz_start_insufficient_questions" time="0.113" /><testcase classname="tests.test_remy_api.TestQuizEndpoints" name="test_quiz_start_success" time="0.172" /><testcase classname="tests.test_remy_api.TestProgressEndpoints" name="test_get_user_progress" time="0.161" /><testcase classname="tests.test_remy_api.TestAdminAuthentication" name="test_admin_login_success" time="0.403" /><testcase classname="tests.test_remy_api.TestAdminAuthentication" name="test_admin_login_wrong_password" time="0.357" /><testcase classname="tests.test_remy_api.TestAdminAuthentication" name="test_admin_login_wrong_username" time="0.109" /><testcase classname="tests.test_remy_api.TestAdminAuthentication" name="test_admin_verify_token" time="0.475" /><testcase classname="tests.test_remy_api.TestMaterialsEndpoints" name="test_get_course_materials" time="0.111" /></testsuite></testsuites>