<?xml version="1.0" encoding="utf-8"?><testsuites name="pytest tests"><testsuite name="pytest" errors="0" failures="0" skipped="0" tests="7" time="2.905" timestamp="2026-03-10T03:54:56.746086+00:00" hostname="agent-env-f98a5018-ceaa-4c95-9054-15c671a505e5"><testcase classname="backend.tests.test_session_persistence.TestSessionPersistence" name="test_login_returns_session_token" time="0.353" /><testcase classname="backend.tests.test_session_persistence.TestSessionPersistence" name="test_auth_me_with_bearer_token" time="0.435" /><testcase classname="backend.tests.test_session_persistence.TestSessionPersistence" name="test_auth_me_without_token_fails" time="0.125" /><testcase classname="backend.tests.test_session_persistence.TestSessionPersistence" name="test_auth_me_with_invalid_token_fails" time="0.119" /><testcase classname="backend.tests.test_session_persistence.TestSessionPersistence" name="test_session_persists_across_requests" time="0.676" /><testcase classname="backend.tests.test_session_persistence.TestSessionPersistence" name="test_logout_invalidates_token" time="0.736" /><testcase classname="backend.tests.test_session_persistence.TestRegisterSessionToken" name="test_register_returns_session_token" time="0.410" /></testsuite></testsuites>