<?xml version="1.0" encoding="utf-8"?><testsuites name="pytest tests"><testsuite name="pytest" errors="0" failures="0" skipped="0" tests="14" time="3.162" timestamp="2026-03-17T00:01:03.072100+00:00" hostname="agent-env-f98a5018-ceaa-4c95-9054-15c671a505e5"><testcase classname="backend.tests.test_student_universities.TestUniversitiesPublicEndpoints" name="test_list_universities_returns_200" time="0.246" /><testcase classname="backend.tests.test_student_universities.TestUniversitiesPublicEndpoints" name="test_get_university_by_id_returns_200" time="0.159" /><testcase classname="backend.tests.test_student_universities.TestUniversitiesPublicEndpoints" name="test_get_university_not_found" time="0.147" /><testcase classname="backend.tests.test_student_universities.TestUniversitiesPublicEndpoints" name="test_get_course_with_evaluations" time="0.170" /><testcase classname="backend.tests.test_student_universities.TestUniversitiesPublicEndpoints" name="test_get_course_not_found" time="0.148" /><testcase classname="backend.tests.test_student_universities.TestSimulationEndpoints" name="test_generate_simulation_success" time="0.187" /><testcase classname="backend.tests.test_student_universities.TestSimulationEndpoints" name="test_generate_simulation_invalid_evaluation" time="0.149" /><testcase classname="backend.tests.test_student_universities.TestSimulationEndpoints" name="test_submit_simulation_and_get_results" time="0.278" /><testcase classname="backend.tests.test_student_universities.TestSimulationEndpoints" name="test_submit_already_completed_simulation" time="0.467" /><testcase classname="backend.tests.test_student_universities.TestSimulationEndpoints" name="test_get_simulation_result_completed" time="0.405" /><testcase classname="backend.tests.test_student_universities.TestSimulationEndpoints" name="test_get_simulation_not_found" time="0.176" /><testcase classname="backend.tests.test_student_universities.TestSimulationEndpoints" name="test_submit_simulation_not_found" time="0.124" /><testcase classname="backend.tests.test_student_universities.TestSimulationEdgeCases" name="test_simulation_with_partial_answers" time="0.301" /><testcase classname="backend.tests.test_student_universities.TestSimulationEdgeCases" name="test_simulation_request_more_questions_than_available" time="0.127" /></testsuite></testsuites>