<?xml version="1.0" encoding="utf-8"?><testsuites name="pytest tests"><testsuite name="pytest" errors="0" failures="0" skipped="0" tests="7" time="1.784" timestamp="2026-03-10T00:51:10.829321+00:00" hostname="agent-env-f98a5018-ceaa-4c95-9054-15c671a505e5"><testcase classname="backend.tests.test_subscription_features.TestSubscriptionEndpoints" name="test_subscription_status_returns_detailed_info" time="0.564" /><testcase classname="backend.tests.test_subscription_features.TestSubscriptionEndpoints" name="test_subscription_status_shows_correct_type" time="0.144" /><testcase classname="backend.tests.test_subscription_features.TestSubscriptionEndpoints" name="test_cancel_subscription_requires_auth" time="0.117" /><testcase classname="backend.tests.test_subscription_features.TestSubscriptionEndpoints" name="test_cancel_manual_subscription_behavior" time="0.118" /><testcase classname="backend.tests.test_subscription_features.TestSubscriptionWithoutAuth" name="test_subscription_status_requires_auth" time="0.112" /><testcase classname="backend.tests.test_subscription_features.TestPaymentPlans" name="test_get_plans_returns_correct_data" time="0.164" /><testcase classname="backend.tests.test_subscription_features.TestUserWithNoSubscription" name="test_non_subscribed_user_gets_inactive_status" time="0.497" /></testsuite></testsuites>