<?xml version="1.0" encoding="utf-8"?><testsuites name="pytest tests"><testsuite name="pytest" errors="0" failures="0" skipped="0" tests="12" time="7.298" timestamp="2026-03-17T00:19:18.665499+00:00" hostname="agent-env-f98a5018-ceaa-4c95-9054-15c671a505e5"><testcase classname="tests.test_university_improvements.TestEditQuestion" name="test_edit_question_content" time="0.255" /><testcase classname="tests.test_university_improvements.TestEditQuestion" name="test_edit_question_difficulty" time="0.068" /><testcase classname="tests.test_university_improvements.TestEditQuestion" name="test_verify_edit_persisted" time="0.142" /><testcase classname="tests.test_university_improvements.TestQuestionImageUpload" name="test_upload_question_image" time="0.166" /><testcase classname="tests.test_university_improvements.TestQuestionImageUpload" name="test_upload_invalid_file_type" time="0.104" /><testcase classname="tests.test_university_improvements.TestQuestionImageUpload" name="test_verify_image_in_question" time="0.056" /><testcase classname="tests.test_university_improvements.TestAIReviewFlow" name="test_generate_without_auto_save" time="5.606" /><testcase classname="tests.test_university_improvements.TestAIReviewFlow" name="test_bulk_save_approved_questions" time="0.175" /><testcase classname="tests.test_university_improvements.TestStudentUniversitiesPublicAPI" name="test_simulation_returns_image_url" time="0.193" /><testcase classname="tests.test_university_improvements.TestStudentUniversitiesPublicAPI" name="test_submit_simulation_returns_image_url" time="0.263" /><testcase classname="tests.test_university_improvements.TestAdminListQuestions" name="test_list_questions_returns_all_fields" time="0.056" /><testcase classname="tests.test_university_improvements.TestStatsEndpoint" name="test_get_stats" time="0.116" /></testsuite></testsuites>